<?xml version="1.0" encoding="UTF-8"?>
<!-- Generated by org.testng.reporters.JUnitReportReporter -->
<testsuite hostname="JAI" failures="0" tests="1" name="Assignment01.Assignment1_HRMLoginLogout" time="22.846" errors="0" timestamp="2024-05-24T21:08:08 IST" skipped="0">
  <testcase classname="Assignment01.Assignment1_HRMLoginLogout" name="HRMLoginLogout" time="22.846"/>
  <system-out/>
</testsuite> <!-- Assignment01.Assignment1_HRMLoginLogout -->
