<?xml version="1.0" encoding="UTF-8"?>
<!-- Generated by org.testng.reporters.JUnitReportReporter -->
<testsuite hostname="JAI" failures="0" tests="1" name="Assignment2.Assignment_02_UserManagement" time="24.835" errors="0" timestamp="2024-05-24T21:47:07 IST" skipped="0">
  <testcase classname="Assignment2.Assignment_02_UserManagement" name="Scenario_01_PrintAllDashbaordMenu" time="24.835"/>
  <system-out/>
</testsuite> <!-- Assignment2.Assignment_02_UserManagement -->
